# JRE version: Java(TM) SE Runtime Environment (20.0.2+9) (build 20.0.2+9-78)
# Java VM: Java HotSpot(TM) 64-Bit Server VM (20.0.2+9-78, mixed mode, sharing, tiered, compressed oops, compressed class ptrs, g1 gc, windows-amd64)
GC Precious Log:
 CardTable entry size: 512
 Card Set container configuration: InlinePtr #cards 4 size 8 Array Of Cards #cards 16 size 48 Howl #buckets 8 coarsen threshold 3686 Howl Bitmap #cards 512 size 80 coarsen threshold 460 Card regions per heap region 1 cards per card region 4096
 CPUs: 16 total, 16 available
 Memory: 16004M
 Large Page Support: Disabled
 NUMA Support: Disabled
 Compressed Oops: Enabled (Zero based)
 Heap Region Size: 2M
 Heap Min Capacity: 8M
 Heap Initial Capacity: 252M
 Heap Max Capacity: 4002M
 Pre-touch: Disabled
 Parallel Workers: 13
 Concurrent Workers: 3
 Concurrent Refinement Workers: 13
 Periodic GC: Disabled
Heap:
 garbage-first heap   total 526336K, used 292167K [0x0000000705e00000, 0x0000000800000000)
  region size 2048K, 71 young (145408K), 6 survivors (12288K)
 Metaspace       used 128023K, committed 129600K, reserved 1179648K
  class space    used 15227K, committed 16000K, reserved 1048576K
GC Heap History (20 events):
Event: 639.874 GC heap after
{Heap after GC invocations=144 (full 19):
 garbage-first heap   total 479232K, used 140670K [0x0000000705e00000, 0x0000000800000000)
  region size 2048K, 7 young (14336K), 7 survivors (14336K)
 Metaspace       used 115263K, committed 116608K, reserved 1179648K
  class space    used 13726K, committed 14400K, reserved 1048576K
}
Event: 645.605 GC heap before
{Heap before GC invocations=145 (full 19):
 garbage-first heap   total 479232K, used 155006K [0x0000000705e00000, 0x0000000800000000)
  region size 2048K, 15 young (30720K), 7 survivors (14336K)
 Metaspace       used 115293K, committed 116736K, reserved 1179648K
  class space    used 13727K, committed 14400K, reserved 1048576K
}
Event: 645.710 GC heap after
{Heap after GC invocations=146 (full 20):
 garbage-first heap   total 479232K, used 132185K [0x0000000705e00000, 0x0000000800000000)
  region size 2048K, 0 young (0K), 0 survivors (0K)
 Metaspace       used 115290K, committed 116736K, reserved 1179648K
  class space    used 13726K, committed 14400K, reserved 1048576K
}
Event: 648.376 GC heap before
{Heap before GC invocations=146 (full 20):
 garbage-first heap   total 479232K, used 410713K [0x0000000705e00000, 0x0000000800000000)
  region size 2048K, 136 young (278528K), 0 survivors (0K)
 Metaspace       used 116769K, committed 118144K, reserved 1179648K
  class space    used 13870K, committed 14528K, reserved 1048576K
}
Event: 648.384 GC heap after
{Heap after GC invocations=147 (full 20):
 garbage-first heap   total 479232K, used 144434K [0x0000000705e00000, 0x0000000800000000)
  region size 2048K, 6 young (12288K), 6 survivors (12288K)
 Metaspace       used 116769K, committed 118144K, reserved 1179648K
  class space    used 13870K, committed 14528K, reserved 1048576K
}
Event: 650.122 GC heap before
{Heap before GC invocations=148 (full 20):
 garbage-first heap   total 479232K, used 150578K [0x0000000705e00000, 0x0000000800000000)
  region size 2048K, 10 young (20480K), 6 survivors (12288K)
 Metaspace       used 116774K, committed 118144K, reserved 1179648K
  class space    used 13871K, committed 14528K, reserved 1048576K
}
Event: 650.219 GC heap after
{Heap after GC invocations=149 (full 21):
 garbage-first heap   total 479232K, used 135972K [0x0000000705e00000, 0x0000000800000000)
  region size 2048K, 0 young (0K), 0 survivors (0K)
 Metaspace       used 116771K, committed 118144K, reserved 1179648K
  class space    used 13870K, committed 14528K, reserved 1048576K
}
Event: 652.796 GC heap before
{Heap before GC invocations=149 (full 21):
 garbage-first heap   total 479232K, used 414500K [0x0000000705e00000, 0x0000000800000000)
  region size 2048K, 136 young (278528K), 0 survivors (0K)
 Metaspace       used 118303K, committed 119744K, reserved 1179648K
  class space    used 14009K, committed 14720K, reserved 1048576K
}
Event: 652.803 GC heap after
{Heap after GC invocations=150 (full 21):
 garbage-first heap   total 479232K, used 148952K [0x0000000705e00000, 0x0000000800000000)
  region size 2048K, 7 young (14336K), 7 survivors (14336K)
 Metaspace       used 118303K, committed 119744K, reserved 1179648K
  class space    used 14009K, committed 14720K, reserved 1048576K
}
Event: 654.651 GC heap before
{Heap before GC invocations=151 (full 21):
 garbage-first heap   total 479232K, used 155096K [0x0000000705e00000, 0x0000000800000000)
  region size 2048K, 11 young (22528K), 7 survivors (14336K)
 Metaspace       used 118322K, committed 119744K, reserved 1179648K
  class space    used 14010K, committed 14720K, reserved 1048576K
}
Event: 654.763 GC heap after
{Heap after GC invocations=152 (full 22):
 garbage-first heap   total 479232K, used 139895K [0x0000000705e00000, 0x0000000800000000)
  region size 2048K, 0 young (0K), 0 survivors (0K)
 Metaspace       used 118319K, committed 119744K, reserved 1179648K
  class space    used 14009K, committed 14720K, reserved 1048576K
}
Event: 658.149 GC heap before
{Heap before GC invocations=152 (full 22):
 garbage-first heap   total 479232K, used 416375K [0x0000000705e00000, 0x0000000800000000)
  region size 2048K, 136 young (278528K), 0 survivors (0K)
 Metaspace       used 119689K, committed 121152K, reserved 1179648K
  class space    used 14148K, committed 14848K, reserved 1048576K
}
Event: 658.157 GC heap after
{Heap after GC invocations=153 (full 22):
 garbage-first heap   total 636928K, used 152531K [0x0000000705e00000, 0x0000000800000000)
  region size 2048K, 7 young (14336K), 7 survivors (14336K)
 Metaspace       used 119689K, committed 121152K, reserved 1179648K
  class space    used 14148K, committed 14848K, reserved 1048576K
}
Event: 660.148 GC heap before
{Heap before GC invocations=154 (full 22):
 garbage-first heap   total 587776K, used 158675K [0x0000000705e00000, 0x0000000800000000)
  region size 2048K, 11 young (22528K), 7 survivors (14336K)
 Metaspace       used 119697K, committed 121216K, reserved 1179648K
  class space    used 14149K, committed 14848K, reserved 1048576K
}
Event: 660.256 GC heap after
{Heap after GC invocations=155 (full 23):
 garbage-first heap   total 526336K, used 143908K [0x0000000705e00000, 0x0000000800000000)
  region size 2048K, 0 young (0K), 0 survivors (0K)
 Metaspace       used 119694K, committed 121216K, reserved 1179648K
  class space    used 14148K, committed 14848K, reserved 1048576K
}
Event: 665.784 GC heap before
{Heap before GC invocations=155 (full 23):
 garbage-first heap   total 526336K, used 426532K [0x0000000705e00000, 0x0000000800000000)
  region size 2048K, 139 young (284672K), 0 survivors (0K)
 Metaspace       used 121114K, committed 122560K, reserved 1179648K
  class space    used 14291K, committed 14976K, reserved 1048576K
}
Event: 665.913 GC heap after
{Heap after GC invocations=156 (full 24):
 garbage-first heap   total 526336K, used 148104K [0x0000000705e00000, 0x0000000800000000)
  region size 2048K, 0 young (0K), 0 survivors (0K)
 Metaspace       used 121111K, committed 122560K, reserved 1179648K
  class space    used 14290K, committed 14976K, reserved 1048576K
}
Event: 712.461 GC heap before
{Heap before GC invocations=156 (full 24):
 garbage-first heap   total 526336K, used 455304K [0x0000000705e00000, 0x0000000800000000)
  region size 2048K, 150 young (307200K), 0 survivors (0K)
 Metaspace       used 122482K, committed 123968K, reserved 1179648K
  class space    used 14430K, committed 15168K, reserved 1048576K
}
Event: 712.470 GC heap after
{Heap after GC invocations=157 (full 24):
 garbage-first heap   total 526336K, used 159047K [0x0000000705e00000, 0x0000000800000000)
  region size 2048K, 6 young (12288K), 6 survivors (12288K)
 Metaspace       used 122482K, committed 123968K, reserved 1179648K
  class space    used 14430K, committed 15168K, reserved 1048576K
}
Event: 895.290 GC heap before
{Heap before GC invocations=158 (full 24):
 garbage-first heap   total 526336K, used 290119K [0x0000000705e00000, 0x0000000800000000)
  region size 2048K, 71 young (145408K), 6 survivors (12288K)
 Metaspace       used 128023K, committed 129600K, reserved 1179648K
  class space    used 15227K, committed 16000K, reserved 1048576K
}

