# JRE version: Java(TM) SE Runtime Environment (20.0.2+9) (build 20.0.2+9-78)
# Java VM: Java HotSpot(TM) 64-Bit Server VM (20.0.2+9-78, mixed mode, sharing, tiered, compressed oops, compressed class ptrs, g1 gc, windows-amd64)
GC Precious Log:
 CardTable entry size: 512
 Card Set container configuration: InlinePtr #cards 4 size 8 Array Of Cards #cards 16 size 48 Howl #buckets 8 coarsen threshold 3686 Howl Bitmap #cards 512 size 80 coarsen threshold 460 Card regions per heap region 1 cards per card region 4096
 CPUs: 16 total, 16 available
 Memory: 16004M
 Large Page Support: Disabled
 NUMA Support: Disabled
 Compressed Oops: Enabled (Zero based)
 Heap Region Size: 2M
 Heap Min Capacity: 8M
 Heap Initial Capacity: 252M
 Heap Max Capacity: 4002M
 Pre-touch: Disabled
 Parallel Workers: 13
 Concurrent Workers: 3
 Concurrent Refinement Workers: 13
 Periodic GC: Disabled
Heap:
 garbage-first heap   total 395264K, used 345331K [0x0000000705e00000, 0x0000000800000000)
  region size 2048K, 112 young (229376K), 5 survivors (10240K)
 Metaspace       used 117662K, committed 118976K, reserved 1179648K
  class space    used 14121K, committed 14784K, reserved 1048576K
GC Heap History (20 events):
Event: 820.207 GC heap after
{Heap after GC invocations=126 (full 16):
 garbage-first heap   total 290816K, used 114706K [0x0000000705e00000, 0x0000000800000000)
  region size 2048K, 5 young (10240K), 5 survivors (10240K)
 Metaspace       used 110068K, committed 111296K, reserved 1179648K
  class space    used 13391K, committed 13952K, reserved 1048576K
}
Event: 822.874 GC heap before
{Heap before GC invocations=127 (full 16):
 garbage-first heap   total 290816K, used 247826K [0x0000000705e00000, 0x0000000800000000)
  region size 2048K, 71 young (145408K), 5 survivors (10240K)
 Metaspace       used 110526K, committed 111808K, reserved 1179648K
  class space    used 13422K, committed 14016K, reserved 1048576K
}
Event: 822.996 GC heap after
{Heap after GC invocations=128 (full 17):
 garbage-first heap   total 290816K, used 110153K [0x0000000705e00000, 0x0000000800000000)
  region size 2048K, 0 young (0K), 0 survivors (0K)
 Metaspace       used 110523K, committed 111808K, reserved 1179648K
  class space    used 13422K, committed 14016K, reserved 1048576K
}
Event: 825.957 GC heap before
{Heap before GC invocations=128 (full 17):
 garbage-first heap   total 290816K, used 251465K [0x0000000705e00000, 0x0000000800000000)
  region size 2048K, 70 young (143360K), 0 survivors (0K)
 Metaspace       used 111540K, committed 112832K, reserved 1179648K
  class space    used 13534K, committed 14144K, reserved 1048576K
}
Event: 825.965 GC heap after
{Heap after GC invocations=129 (full 17):
 garbage-first heap   total 395264K, used 118583K [0x0000000705e00000, 0x0000000800000000)
  region size 2048K, 5 young (10240K), 5 survivors (10240K)
 Metaspace       used 111540K, committed 112832K, reserved 1179648K
  class space    used 13534K, committed 14144K, reserved 1048576K
}
Event: 889.992 GC heap before
{Heap before GC invocations=130 (full 17):
 garbage-first heap   total 395264K, used 259895K [0x0000000705e00000, 0x0000000800000000)
  region size 2048K, 75 young (153600K), 5 survivors (10240K)
 Metaspace       used 112023K, committed 113344K, reserved 1179648K
  class space    used 13566K, committed 14208K, reserved 1048576K
}
Event: 890.116 GC heap after
{Heap after GC invocations=131 (full 18):
 garbage-first heap   total 395264K, used 114357K [0x0000000705e00000, 0x0000000800000000)
  region size 2048K, 0 young (0K), 0 survivors (0K)
 Metaspace       used 112019K, committed 113344K, reserved 1179648K
  class space    used 13566K, committed 14208K, reserved 1048576K
}
Event: 893.123 GC heap before
{Heap before GC invocations=131 (full 18):
 garbage-first heap   total 395264K, used 323253K [0x0000000705e00000, 0x0000000800000000)
  region size 2048K, 102 young (208896K), 0 survivors (0K)
 Metaspace       used 113413K, committed 114688K, reserved 1179648K
  class space    used 13697K, committed 14336K, reserved 1048576K
}
Event: 893.133 GC heap after
{Heap after GC invocations=132 (full 18):
 garbage-first heap   total 395264K, used 124449K [0x0000000705e00000, 0x0000000800000000)
  region size 2048K, 5 young (10240K), 5 survivors (10240K)
 Metaspace       used 113413K, committed 114688K, reserved 1179648K
  class space    used 13697K, committed 14336K, reserved 1048576K
}
Event: 1124.165 GC heap before
{Heap before GC invocations=133 (full 18):
 garbage-first heap   total 395264K, used 216609K [0x0000000705e00000, 0x0000000800000000)
  region size 2048K, 51 young (104448K), 5 survivors (10240K)
 Metaspace       used 113527K, committed 114880K, reserved 1179648K
  class space    used 13703K, committed 14336K, reserved 1048576K
}
Event: 1124.281 GC heap after
{Heap after GC invocations=134 (full 19):
 garbage-first heap   total 395264K, used 118352K [0x0000000705e00000, 0x0000000800000000)
  region size 2048K, 0 young (0K), 0 survivors (0K)
 Metaspace       used 113524K, committed 114880K, reserved 1179648K
  class space    used 13703K, committed 14336K, reserved 1048576K
}
Event: 1128.003 GC heap before
{Heap before GC invocations=134 (full 19):
 garbage-first heap   total 395264K, used 333392K [0x0000000705e00000, 0x0000000800000000)
  region size 2048K, 105 young (215040K), 0 survivors (0K)
 Metaspace       used 114832K, committed 116160K, reserved 1179648K
  class space    used 13836K, committed 14464K, reserved 1048576K
}
Event: 1128.010 GC heap after
{Heap after GC invocations=135 (full 19):
 garbage-first heap   total 395264K, used 128592K [0x0000000705e00000, 0x0000000800000000)
  region size 2048K, 5 young (10240K), 5 survivors (10240K)
 Metaspace       used 114832K, committed 116160K, reserved 1179648K
  class space    used 13836K, committed 14464K, reserved 1048576K
}
Event: 1130.042 GC heap before
{Heap before GC invocations=136 (full 19):
 garbage-first heap   total 395264K, used 194128K [0x0000000705e00000, 0x0000000800000000)
  region size 2048K, 38 young (77824K), 5 survivors (10240K)
 Metaspace       used 114889K, committed 116224K, reserved 1179648K
  class space    used 13843K, committed 14464K, reserved 1048576K
}
Event: 1130.182 GC heap after
{Heap after GC invocations=137 (full 20):
 garbage-first heap   total 395264K, used 122104K [0x0000000705e00000, 0x0000000800000000)
  region size 2048K, 0 young (0K), 0 survivors (0K)
 Metaspace       used 114886K, committed 116224K, reserved 1179648K
  class space    used 13842K, committed 14464K, reserved 1048576K
}
Event: 1133.414 GC heap before
{Heap before GC invocations=137 (full 20):
 garbage-first heap   total 395264K, used 337144K [0x0000000705e00000, 0x0000000800000000)
  region size 2048K, 105 young (215040K), 0 survivors (0K)
 Metaspace       used 116187K, committed 117504K, reserved 1179648K
  class space    used 13975K, committed 14592K, reserved 1048576K
}
Event: 1133.421 GC heap after
{Heap after GC invocations=138 (full 20):
 garbage-first heap   total 395264K, used 132108K [0x0000000705e00000, 0x0000000800000000)
  region size 2048K, 5 young (10240K), 5 survivors (10240K)
 Metaspace       used 116187K, committed 117504K, reserved 1179648K
  class space    used 13975K, committed 14592K, reserved 1048576K
}
Event: 1136.373 GC heap before
{Heap before GC invocations=139 (full 20):
 garbage-first heap   total 395264K, used 199692K [0x0000000705e00000, 0x0000000800000000)
  region size 2048K, 39 young (79872K), 5 survivors (10240K)
 Metaspace       used 116263K, committed 117632K, reserved 1179648K
  class space    used 13982K, committed 14656K, reserved 1048576K
}
Event: 1136.503 GC heap after
{Heap after GC invocations=140 (full 21):
 garbage-first heap   total 395264K, used 126195K [0x0000000705e00000, 0x0000000800000000)
  region size 2048K, 0 young (0K), 0 survivors (0K)
 Metaspace       used 116259K, committed 117632K, reserved 1179648K
  class space    used 13982K, committed 14656K, reserved 1048576K
}
Event: 1140.265 GC heap before
{Heap before GC invocations=140 (full 21):
 garbage-first heap   total 395264K, used 345331K [0x0000000705e00000, 0x0000000800000000)
  region size 2048K, 107 young (219136K), 0 survivors (0K)
 Metaspace       used 117662K, committed 118976K, reserved 1179648K
  class space    used 14121K, committed 14784K, reserved 1048576K
}

